<?xml version="1.0" encoding="utf-8"?>
<TestRun id="37a29f7a-cee2-4814-8a20-8895544af1c0" name="Dennis@Dennis-SOPVDBX 2026-03-14 17:00:37" runUser="Dennis-SOPVDBX\Dennis" xmlns="http://microsoft.com/schemas/VisualStudio/TeamTest/2010">
  <Times creation="2026-03-14T17:00:37.8683110+01:00" queuing="2026-03-14T17:00:37.8683111+01:00" start="2026-03-14T17:00:22.9073251+01:00" finish="2026-03-14T17:00:37.8727458+01:00" />
  <TestSettings name="default" id="88bf10b2-b4aa-4150-9b85-d92a473eb1a9">
    <Deployment runDeploymentRoot="Dennis_Dennis-SOPVDBX_2026-03-14_17_00_37" />
  </TestSettings>
  <Results>
    <UnitTestResult executionId="5176347a-9bc3-4425-a284-78b27397ff40" testId="852b8d99-88da-8a90-2431-612de3a2f4bf" testName="nORM.Tests.SqlComparisonDiagnostic.Compare_compiled_vs_noncompiled_SQL" computerName="Dennis-SOPVDBX" duration="00:00:14.4050865" startTime="2026-03-14T17:00:37.8004339+01:00" endTime="2026-03-14T17:00:37.8004528+01:00" testType="13cdc9d9-ddb5-4fa4-a97d-d965ccfc6d4b" outcome="Passed" testListId="8c84fa94-04c1-424b-9868-57a2d4851a1d" relativeResultsDirectory="5176347a-9bc3-4425-a284-78b27397ff40">
      <Output>
        <StdOut>=== SIMPLE COMPILED ===&#xD;
SQL: SELECT "Id", "Name", "Email", "Department", "Salary", "IsActive", "CreatedAt", "Age", "City" FROM "BenchUser" "T0" WHERE (("T0"."IsActive" = 1)) LIMIT @p0&#xD;
Params: @p0=&#xD;
CompiledParams: [@p0]&#xD;
IsScalar: False&#xD;
SingleResult: False&#xD;

nORM compiled avg: 21,30 us&#xD;
Raw ADO prepared avg: 11,97 us&#xD;
nORM overhead vs ADO: 9,33 us&#xD;

Complex compiled avg: 126,94 us&#xD;
Complex ADO prepared avg: 125,86 us&#xD;
Complex nORM overhead vs ADO: 1,09 us</StdOut>
      </Output>
    </UnitTestResult>
  </Results>
  <TestDefinitions>
    <UnitTest name="nORM.Tests.SqlComparisonDiagnostic.Compare_compiled_vs_noncompiled_SQL" storage="c:\users\dennis\source\repos\norm\tests\bin\debug\net8.0\norm.tests.dll" id="852b8d99-88da-8a90-2431-612de3a2f4bf">
      <Execution id="5176347a-9bc3-4425-a284-78b27397ff40" />
      <TestMethod codeBase="C:\Users\Dennis\source\repos\nORM\tests\bin\Debug\net8.0\nORM.Tests.dll" adapterTypeName="executor://xunit/VsTestRunner2/netcoreapp" className="nORM.Tests.SqlComparisonDiagnostic" name="Compare_compiled_vs_noncompiled_SQL" />
    </UnitTest>
  </TestDefinitions>
  <TestEntries>
    <TestEntry testId="852b8d99-88da-8a90-2431-612de3a2f4bf" executionId="5176347a-9bc3-4425-a284-78b27397ff40" testListId="8c84fa94-04c1-424b-9868-57a2d4851a1d" />
  </TestEntries>
  <TestLists>
    <TestList name="Results Not in a List" id="8c84fa94-04c1-424b-9868-57a2d4851a1d" />
    <TestList name="All Loaded Results" id="19431567-8539-422a-85d7-44ee4e166bda" />
  </TestLists>
  <ResultSummary outcome="Completed">
    <Counters total="1" executed="1" passed="1" failed="0" error="0" timeout="0" aborted="0" inconclusive="0" passedButRunAborted="0" notRunnable="0" notExecuted="0" disconnected="0" warning="0" completed="0" inProgress="0" pending="0" />
    <Output>
      <StdOut>[xUnit.net 00:00:00.00] xUnit.net VSTest Adapter v2.5.5+28b46ff510 (64-bit .NET 8.0.23)&#xD;
[xUnit.net 00:00:00.06]   Discovering: nORM.Tests&#xD;
[xUnit.net 00:00:00.16]   Discovered:  nORM.Tests&#xD;
[xUnit.net 00:00:00.16]   Starting:    nORM.Tests&#xD;
[xUnit.net 00:00:14.60]   Finished:    nORM.Tests&#xD;
</StdOut>
    </Output>
  </ResultSummary>
</TestRun>